[11-12-2019 15:30:46.437] [31mERROR[39m: [36m22222222222222[39m
[11-12-2019 15:30:46.441] [94mDEBUG[39m: [36mdfdfdfdfdf dfdfdf f454545[39m
    Error: dfdfdfdfdf dfdfdf f454545
        at Object.<anonymous> (D:\test-ws\quip-export\app.js:21:14)
        at Module._compile (internal/modules/cjs/loader.js:778:30)
        at Object.Module._extensions..js (internal/modules/cjs/loader.js:789:10)
        at Module.load (internal/modules/cjs/loader.js:653:32)
        at tryModuleLoad (internal/modules/cjs/loader.js:593:12)
        at Function.Module._load (internal/modules/cjs/loader.js:585:3)
        at Module.require (internal/modules/cjs/loader.js:692:17)
        at require (internal/modules/cjs/helpers.js:25:18)
        at Object.<anonymous> (D:\test-ws\quip-export\quip-export.js:5:1)
        at Module._compile (internal/modules/cjs/loader.js:778:30)
[11-12-2019 15:32:03.328] [31mERROR[39m: [36m22222222222222[39m
[11-12-2019 15:32:03.334] [94mDEBUG[39m: [36mdfdfdfdfdf dfdfdf f454545[39m
    Error: dfdfdfdfdf dfdfdf f454545
        at Object.<anonymous> (D:\test-ws\quip-export\app.js:21:14)
        at Module._compile (internal/modules/cjs/loader.js:778:30)
        at Object.Module._extensions..js (internal/modules/cjs/loader.js:789:10)
        at Module.load (internal/modules/cjs/loader.js:653:32)
        at tryModuleLoad (internal/modules/cjs/loader.js:593:12)
        at Function.Module._load (internal/modules/cjs/loader.js:585:3)
        at Module.require (internal/modules/cjs/loader.js:692:17)
        at require (internal/modules/cjs/helpers.js:25:18)
        at Object.<anonymous> (D:\test-ws\quip-export\quip-export.js:5:1)
        at Module._compile (internal/modules/cjs/loader.js:778:30)
[11-12-2019 15:33:07.929] ERROR: 22222222222222
[11-12-2019 15:33:07.934] DEBUG: dfdfdfdfdf dfdfdf f454545
    Error: dfdfdfdfdf dfdfdf f454545
        at Object.<anonymous> (D:\test-ws\quip-export\app.js:21:14)
        at Module._compile (internal/modules/cjs/loader.js:778:30)
        at Object.Module._extensions..js (internal/modules/cjs/loader.js:789:10)
        at Module.load (internal/modules/cjs/loader.js:653:32)
        at tryModuleLoad (internal/modules/cjs/loader.js:593:12)
        at Function.Module._load (internal/modules/cjs/loader.js:585:3)
        at Module.require (internal/modules/cjs/loader.js:692:17)
        at require (internal/modules/cjs/helpers.js:25:18)
        at Object.<anonymous> (D:\test-ws\quip-export\quip-export.js:5:1)
        at Module._compile (internal/modules/cjs/loader.js:778:30)
[11-12-2019 15:59:01.642] ERROR: 22222222222222
[11-12-2019 15:59:01.647] DEBUG: dfdfdfdfdf dfdfdf f454545
    Error: dfdfdfdfdf dfdfdf f454545
        at Object.<anonymous> (D:\test-ws\quip-export\app.js:21:14)
        at Module._compile (internal/modules/cjs/loader.js:778:30)
        at Object.Module._extensions..js (internal/modules/cjs/loader.js:789:10)
        at Module.load (internal/modules/cjs/loader.js:653:32)
        at tryModuleLoad (internal/modules/cjs/loader.js:593:12)
        at Function.Module._load (internal/modules/cjs/loader.js:585:3)
        at Module.require (internal/modules/cjs/loader.js:692:17)
        at require (internal/modules/cjs/helpers.js:25:18)
        at Object.<anonymous> (D:\test-ws\quip-export\quip-export.js:5:1)
        at Module._compile (internal/modules/cjs/loader.js:778:30)
[11-12-2019 16:13:17.766] ERROR: 22222222222222
[11-12-2019 16:13:17.771] DEBUG: dfdfdfdfdf dfdfdf f454545
    Error: dfdfdfdfdf dfdfdf f454545
        at Object.<anonymous> (D:\test-ws\quip-export\app.js:16:14)
        at Module._compile (internal/modules/cjs/loader.js:778:30)
        at Object.Module._extensions..js (internal/modules/cjs/loader.js:789:10)
        at Module.load (internal/modules/cjs/loader.js:653:32)
        at tryModuleLoad (internal/modules/cjs/loader.js:593:12)
        at Function.Module._load (internal/modules/cjs/loader.js:585:3)
        at Module.require (internal/modules/cjs/loader.js:692:17)
        at require (internal/modules/cjs/helpers.js:25:18)
        at Object.<anonymous> (D:\test-ws\quip-export\quip-export.js:5:1)
        at Module._compile (internal/modules/cjs/loader.js:778:30)
[11-12-2019 16:13:22.196] ERROR: 22222222222222
[11-12-2019 16:13:22.202] DEBUG: dfdfdfdfdf dfdfdf f454545
    Error: dfdfdfdfdf dfdfdf f454545
        at Object.<anonymous> (D:\test-ws\quip-export\app.js:16:14)
        at Module._compile (internal/modules/cjs/loader.js:778:30)
        at Object.Module._extensions..js (internal/modules/cjs/loader.js:789:10)
        at Module.load (internal/modules/cjs/loader.js:653:32)
        at tryModuleLoad (internal/modules/cjs/loader.js:593:12)
        at Function.Module._load (internal/modules/cjs/loader.js:585:3)
        at Module.require (internal/modules/cjs/loader.js:692:17)
        at require (internal/modules/cjs/helpers.js:25:18)
        at Object.<anonymous> (D:\test-ws\quip-export\quip-export.js:5:1)
        at Module._compile (internal/modules/cjs/loader.js:778:30)
